1525694702 685 255
1525695002 694 262
1525695302 706 267
1525695602 706 269
1525695902 700 267
1525696202 700 266
1525696502 697 264
1525696802 695 261
1525697102 694 259
1525697402 698 261
1525697702 692 260
1525698002 696 265
1525698302 710 274
1525698602 729 284
1525698902 741 293
1525699202 757 303
1525699502 780 317
1525699801 792 325
1525700102 797 328
1525700402 799 329
1525700702 801 330
1525701002 802 330
1525701302 802 330
1525701602 797 326
1525701902 792 322
1525702201 786 318
1525702502 779 313
1525702802 773 308
1525703102 765 303
1525703402 758 298
1525703702 750 293
1525704002 741 287
1525704302 733 281
1525704602 724 275
1525704902 716 269
1525705202 708 263
1525705502 700 257
1525705802 695 253
1525706102 696 253
1525706402 700 255
1525706702 703 256
1525707002 708 259
1525707302 714 261
1525707602 720 264
1525707902 725 267
1525708202 730 269
1525708503 735 272
1525708802 741 275
1525709102 750 281
1525709402 761 287
1525709702 773 294
1525710002 784 301
1525710302 794 307
1525710602 803 313
1525710902 810 318
1525711202 817 323
1525711502 826 329
1525711802 834 334
1525712102 842 340
1525712402 851 346
1525712703 860 352
1525713002 870 359
1525713302 878 365
1525713602 886 371
1525713902 894 377
1525714202 909 389
1525714502 927 401
1525714802 952 418
1525715102 1000 453
1525715402 1117 526
1525715702 1473 943
1525716002 1475 862
1525716302 1485 990
1525716602 1483 1103
1525716903 1489 1128
1525717202 1491 1132
1525717502 1490 1139
1525717802 1491 1134
1525718102 1493 1135
1525718402 1494 1143
1525718702 1496 1138
1525719001 1498 1149
1525719302 1498 1143
1525719602 1499 1150
1525719902 1497 1153
1525720202 1497 1150
1525720502 1488 1153
1525720802 1428 1151
1525721102 1364 1150
1525721402 1467 1142
1525721702 1496 1144
1525722002 1497 1146
1525722302 1497 1143
1525722602 1493 1135
1525722902 1492 1125
1525723202 1491 1122
1525723502 1494 1108
1525723802 1491 1054
1525724102 1491 856
1525724402 1486 862
1525724702 1482 909
1525725002 1483 988
1525725302 1480 1058
1525725602 1465 1078
1525725902 1357 1067
1525726202 1322 1068
1525726502 1360 1062
1525726802 1455 1057
1525727103 1456 1050
1525727402 1451 1042
1525727702 1455 1035
1525728002 1448 1008
1525728302 1441 877
1525728602 1438 741
1525728902 1429 767
1525729202 1422 909
1525729502 1411 958
1525729802 1401 936
1525730102 1395 921
1525730402 1322 907
1525730702 1118 892
1525731002 1058 841
1525731302 1029 565
1525731602 1043 515
1525731902 1027 495
1525732202 1010 478
1525732502 957 432
1525732802 919 402
1525733103 866 364
1525733402 752 289
1525733702 664 234
1525734002 642 223
1525734302 624 214
1525734602 605 204
1525734902 588 196
1525735201 570 188
1525735502 552 180
1525735802 532 172
1525736102 511 163
1525736402 487 153
1525736702 458 142
1525737002 426 129
1525737302 392 117
1525737602 355 104
1525737902 313 90
1525738202 267 75
1525738502 217 60
1525738802 168 45
1525739102 221 81
1525739402 187 71
1525739702 158 62
1525740002 140 57
1525740302 128 54
1525740602 32 12
1525740902 28 11
1525741202 27 10
1525741502 27 10
1525741802 27 10
1525742102 27 10
1525742402 26 10
1525742702 26 10
1525743002 26 10
1525743302 26 10
1525743601 20 8
1525743902 28 11
1525744202 29 11
1525744502 28 11
1525744802 29 11
1525745102 29 11
1525745402 28 11
1525745702 28 11
1525746002 29 11
1525746302 28 11
1525746602 29 11
1525746902 28 11
1525747202 29 11
1525747502 29 11
1525747802 29 11
1525748102 28 11
1525748402 29 11
1525748702 29 11
1525749002 28 11
1525749302 29 11
1525749602 28 11
1525749902 29 11
1525750202 28 11
1525750502 29 11
1525750802 29 11
1525751102 28 11
1525751402 29 11
1525751702 28 11
1525752001 28 11
1525752302 28 11
1525752602 29 11
1525752902 28 11
1525753202 28 11
1525753502 28 11
1525753802 0 0
1525754103 0 0
1525754402 0 0
1525754702 0 0
1525755002 0 0
1525755302 0 0
1525755602 0 0
1525755902 0 0
1525756202 0 0
1525756502 0 0
1525756802 0 0
1525757102 0 0
1525757402 0 0
1525757702 0 0
1525758002 0 0
1525758302 0 0
1525758602 0 0
1525758902 0 0
1525759202 0 0
1525759502 0 0
1525759802 0 0
1525760102 0 0
1525760402 0 0
1525760702 0 0
1525761002 0 0
1525761302 0 0
1525761602 0 0
1525761902 0 0
1525762202 0 0
1525762502 0 0
1525762802 0 0
1525763102 0 0
1525763402 0 0
1525763702 0 0
1525764002 0 0
1525764302 0 0
1525764601 0 0
1525764902 0 0
1525765202 0 0
1525765502 0 0
1525765802 0 0
1525766102 0 0
1525766402 0 0
1525766702 0 0
1525767001 0 0
1525767302 0 0
1525767602 0 0
1525767902 0 0
1525768202 0 0
1525768502 0 0
1525768801 0 0
1525769102 0 0
1525769402 0 0
1525769702 0 0
1525770002 0 0
1525770302 0 0
1525770602 0 0
1525770902 0 0
1525771202 0 0
1525771502 0 0
1525771802 1 0
1525772102 2 1
1525772402 6 2
1525772702 14 4
1525773001 31 8
1525773302 58 16
1525773602 93 25
1525773902 135 37
1525774202 180 50
1525774502 225 63
1525774802 268 77
1525775102 307 89
1525775402 341 101
1525775702 373 113
1525776002 408 126
1525776302 432 134
1525776602 449 139
1525776902 464 145
1525777202 471 148
1525777502 485 154
1525777802 490 157
1525778102 500 161
1525778402 509 165
1525778702 521 171
1525779002 538 178
1525779302 564 188
1525779602 593 202
1525779902 624 219
1525780202 644 231
1525780502 659 239
1525780802 670 246
1525781102 680 252
1525781402 688 257
1525781702 695 262
1525782002 697 264
1525782302 699 265
1525782602 699 264
1525782902 698 262
1525783202 695 260
1525783502 695 258
1525783802 698 259
1525784102 696 261
1525784402 697 263
1525784702 708 271
1525785002 726 281
1525785302 741 291
1525785602 758 302
1525785902 781 316
1525786202 791 323
1525786502 795 325
1525786802 797 327
1525787102 798 327
1525787402 800 328
1525787702 799 328
1525788001 795 324
1525788302 789 320
1525788602 783 315
1525788902 776 311
1525789202 768 306
1525789502 761 301
1525789802 753 295
1525790102 745 290
1525790402 736 284
1525790702 727 278
1525791002 717 271
1525791302 707 264
1525791602 696 257
1525791902 686 250
1525792202 678 245
1525792502 678 244
1525792802 681 245
1525793102 684 247
1525793402 687 248
1525793702 692 251
1525794002 697 253
1525794302 702 256
1525794602 705 257
1525794902 708 259
1525795202 713 261
1525795502 722 266
1525795802 731 272
1525796102 741 278
1525796401 751 283
1525796702 761 290
1525797002 771 296
1525797302 781 302
1525797602 791 308
1525797902 800 314
1525798202 810 320
1525798502 820 327
1525798801 829 333
1525799102 841 341
1525799402 851 348
1525799702 863 356
1525800002 873 363
1525800302 884 371
1525800602 897 380
1525800902 917 394
1525801202 942 411
1525801502 983 440
1525801802 1069 501
1525802102 1466 862
1525802402 1475 1060
1525802702 1482 1112
1525803001 1485 1115
1525803302 1483 1127
1525803602 1489 1124
1525803902 1491 1134
1525804202 1493 1136
1525804502 1497 1122
1525804802 1497 1141
1525805102 1498 1147
1525805402 1497 1149
1525805702 1501 1147
1525806002 1498 1152
1525806302 1499 1154
1525806602 1498 1152
1525806902 1489 1153
1525807202 1408 1154
1525807502 1371 1155
1525807802 1476 1145
1525808102 1499 1144
1525808402 1499 1147
1525808702 1499 1146
1525809002 1498 1140
1525809302 1494 1131
1525809602 1493 1126
1525809902 1493 1102
1525810202 1491 974
1525810502 1492 818
1525810802 1492 872
1525811102 1482 992
1525811401 1482 1064
1525811702 1481 1080
1525812002 1457 1088
1525812302 1335 1080
1525812602 1328 1063
1525812902 1394 1040
1525813202 1463 1057
1525813502 1460 1046
1525813801 1456 1031
1525814102 1448 1023
1525814402 1455 1003
1525814702 1451 826
1525815002 1446 758
1525815302 1440 784
1525815602 1424 940
1525815902 1423 966
1525816202 1417 942
1525816502 1406 923
1525816802 1312 913
1525817102 1087 888
1525817402 1050 822
1525817702 1024 526
1525818002 1002 480
1525818302 982 457
1525818602 950 427
1525818902 896 384
1525819202 847 350
1525819502 786 309
1525819802 696 258
1525820103 648 230
1525820402 629 220
1525820702 610 210
1525821002 591 201
1525821302 575 194
1525821602 558 186
1525821902 540 178
1525822202 521 170
1525822502 501 162
1525822802 479 153
1525823102 453 143
1525823402 425 132
1525823702 391 119
1525824002 348 104
1525824302 379 132
1525824602 336 117
1525824902 297 104
1525825202 259 92
1525825502 218 79
1525825802 187 70
1525826102 167 65
1525826401 155 62
1525826702 140 57
1525827002 144 60
1525827302 142 59
1525827602 141 58
1525827902 27 11
1525828202 30 11
1525828502 30 11
1525828802 29 11
1525829102 30 11
1525829402 30 11
1525829702 29 11
1525830002 30 11
1525830302 30 11
1525830601 29 11
1525830902 29 11
1525831202 29 11
1525831502 30 11
1525831802 30 11
1525832102 29 11
1525832402 30 11
1525832702 29 12
1525833002 30 11
1525833302 30 11
1525833602 30 11
1525833902 30 11
1525834202 29 11
1525834502 29 11
1525834802 29 12
1525835102 30 11
1525835402 30 11
1525835702 30 11
1525836002 30 11
1525836302 30 11
1525836602 29 11
1525836902 29 11
1525837202 29 12
1525837502 30 11
1525837802 30 11
1525838102 29 11
1525838402 30 12
1525838702 29 11
1525839001 30 12
1525839302 29 12
1525839602 29 11
1525839902 29 11
1525840202 30 11
1525840502 29 11
1525840801 29 11
1525841102 25 10
1525841402 28 11
1525841702 28 11
1525842002 28 11
1525842302 28 11
1525842602 28 11
1525842902 28 11
1525843202 28 11
1525843502 20 8
1525843802 0 0
1525844102 0 0
1525844402 0 0
1525844702 0 0
1525845002 0 0
1525845302 0 0
1525845602 0 0
1525845902 0 0
1525846202 0 0
1525846502 0 0
1525846802 0 0
1525847102 0 0
1525847401 0 0
1525847702 0 0
1525848002 0 0
1525848302 0 0
1525848602 0 0
1525848902 0 0
1525849202 0 0
1525849502 0 0
1525849801 0 0
1525850102 0 0
1525850402 0 0
1525850702 0 0
1525851002 0 0
1525851302 0 0
1525851602 0 0
1525851902 0 0
1525852202 0 0
1525852502 0 0
1525852802 0 0
1525853102 0 0
1525853402 0 0
1525853702 0 0
1525854002 0 0
1525854302 0 0
1525854602 0 0
1525854902 0 0
1525855202 0 0
1525855502 0 0
1525855802 0 0
1525856102 0 0
1525856402 0 0
1525856702 0 0
1525857002 0 0
1525857302 0 0
1525857602 0 0
1525857902 0 0
1525858201 1 0
1525858502 2 1
1525858802 7 2
1525859102 17 5
1525859402 36 10
1525859702 64 17
1525860002 99 27
1525860302 140 39
1525860601 185 51
1525860902 231 65
1525861202 273 79
1525861503 312 91
1525861802 347 103
1525862102 381 116
1525862401 417 129
1525862702 444 139
1525863002 470 148
1525863302 479 152
1525863602 485 154
1525863902 500 160
1525864202 507 164
1525864502 518 168
1525864802 529 173
1525865102 547 181
1525865402 564 189
1525865702 589 199
1525866002 616 212
1525866302 644 228
1525866601 658 236
1525866902 673 245
1525867202 683 252
1525867502 694 258
1525867802 707 266
1525868102 718 273
1525868401 724 277
1525868702 728 279
1525869002 729 279
1525869302 727 276
1525869602 732 278
1525869902 736 279
1525870202 742 281
1525870502 748 286
1525870801 748 288
1525871102 752 291
1525871402 766 300
1525871702 787 312
1525872002 815 330
1525872302 847 350
1525872602 874 369
1525872903 902 386
1525873202 914 392
1525873502 916 393
1525873802 924 398
1525874102 916 387
1525874402 949 413
1525874702 951 414
1525875002 956 417
1525875302 951 412
1525875602 938 402
1525875902 890 367
1525876202 888 369
1525876502 834 332
1525876802 843 339
1525877102 856 345
1525877402 858 348
1525877702 797 311
1525878002 744 279
1525878302 757 285
1525878602 758 285
1525878902 766 288
1525879201 782 296
1525879502 801 307
1525879802 819 318
1525880102 841 332
1525880402 870 350
1525880702 894 366
1525881002 925 385
1525881302 948 400
1525881601 951 402
1525881902 922 380
1525882202 874 352
1525882502 835 329
1525882802 869 350
1525883102 864 349
1525883402 866 350
1525883702 877 358
1525884002 881 361
1525884302 888 366
1525884602 896 372
1525884902 906 380
1525885202 918 388
1525885502 919 389
1525885801 922 392
1525886102 929 398
1525886402 935 403
1525886702 938 405
1525887002 948 413
1525887302 969 430
1525887602 1001 454
1525887902 1039 483
1525888202 1097 527
1525888502 1407 747
1525888802 1471 1057
1525889102 1474 1086
1525889402 1481 1110
1525889702 1479 1119
1525890002 1481 1108
1525890302 1486 1113
1525890602 1487 1123
1525890902 1490 1113
1525891202 1492 1125
1525891502 1491 1130
1525891802 1493 1133
1525892102 1492 1133
1525892402 1493 1140
1525892702 1491 1135
1525893002 1486 1123
1525893302 1481 1146
1525893602 1399 1145
1525893902 1382 1142
1525894202 1470 1128
1525894502 1484 1114
1525894802 1490 1117
1525895102 1481 1096
1525895402 1481 1098
1525895702 1484 1114
1525896002 1491 1127
1525896303 1484 1097
1525896602 1492 972
1525896902 1485 816
1525897202 1472 874
1525897502 1465 983
1525897802 1449 1013
1525898102 1449 1046
1525898401 1426 1042
1525898702 1330 1048
1525899002 1320 1022
1525899302 1371 982
1525899602 1432 1000
1525899902 1447 1001
1525900202 1437 961
1525900502 1416 948
1525900802 1414 922
1525901102 1400 764
1525901402 1387 707
1525901702 1378 736
1525902002 1361 851
1525902302 1381 902
1525902601 1385 909
1525902902 1368 904
1525903202 1246 871
1525903502 1095 825
1525903802 1064 700
1525904102 1048 518
1525904401 1008 467
1525904702 988 445
1525905002 943 406
1525905302 882 359
1525905602 880 356
1525905902 859 342
1525906202 848 334
1525906502 835 328
1525906801 811 314
1525907102 778 293
1525907402 752 279
1525907702 729 266
1525908002 707 253
1525908302 685 243
1525908601 666 235
1525908902 640 222
1525909202 600 203
1525909502 555 183
1525909802 509 164
1525910102 467 147
1525910402 423 131
1525910702 371 111
1525911001 311 91
1525911302 238 68
1525911602 172 48
1525911902 108 30
1525912202 87 27
1525912502 63 20
1525912802 22 6
1525913102 11 3
1525913402 34 13
1525913702 31 12
1525914002 30 11
1525914302 29 11
1525914602 28 11
1525914902 29 11
1525915202 29 11
1525915502 28 11
1525915802 28 11
1525916102 28 11
1525916402 28 11
1525916702 28 11
1525917002 28 11
1525917302 28 11
1525917602 28 11
1525917902 28 11
1525918202 28 11
1525918502 29 11
1525918802 28 11
1525919103 28 11
1525919402 29 11
1525919702 28 11
1525920002 28 11
1525920302 28 11
1525920602 28 11
1525920902 28 11
1525921202 28 11
1525921502 29 11
1525921802 29 11
1525922102 28 11
1525922402 28 11
1525922702 29 11
1525923002 28 11
1525923302 28 11
1525923602 29 11
1525923902 28 11
1525924202 28 11
1525924502 28 11
1525924802 28 11
1525925102 29 11
1525925402 28 11
1525925702 28 11
1525926002 29 11
1525926302 29 11
1525926602 28 11
1525926902 28 11
1525927201 29 11
1525927502 28 11
1525927802 28 11
1525928102 28 11
1525928402 28 11
1525928702 29 11
1525929002 29 11
1525929302 28 11
1525929602 28 11
1525929902 28 11
1525930202 28 11
1525930502 28 11
1525930802 27 11
1525931103 27 10
1525931402 0 0
1525931702 0 0
1525932002 0 0
1525932302 0 0
1525932602 0 0
1525932902 0 0
1525933202 0 0
1525933502 0 0
1525933802 0 0
1525934102 0 0
1525934402 0 0
1525934702 0 0
1525935002 0 0
1525935302 0 0
1525935602 0 0
1525935902 0 0
1525936202 0 0
1525936502 0 0
1525936802 0 0
1525937102 0 0
1525937401 0 0
1525937702 0 0
1525938002 0 0
1525938302 0 0
1525938602 0 0
1525938902 0 0
1525939202 0 0
1525939502 0 0
1525939801 0 0
1525940102 0 0
1525940402 0 0
1525940702 0 0
1525941002 0 0
1525941302 0 0
1525941602 0 0
1525941902 0 0
1525942202 0 0
1525942502 0 0
1525942802 0 0
1525943102 0 0
1525943402 0 0
1525943702 0 0
1525944002 0 0
1525944302 0 0
1525944602 0 0
1525944902 0 0
1525945202 0 0
1525945502 1 0
1525945802 2 1
1525946102 5 1
1525946402 7 2
1525946702 11 3
1525947002 33 9
1525947302 43 12
1525947602 83 22
1525947903 129 36
1525948202 139 39
1525948502 150 42
1525948802 114 32
1525949102 122 34
1525949402 102 29
1525949702 92 25
1525950002 164 47
1525950302 247 74
1525950602 276 84
1525950902 252 77
1525951202 450 144
1525951502 435 139
1525951802 601 208
1525952102 378 113
1525952402 535 173
1525952702 565 189
1525953002 605 207
1525953302 683 245
1525953602 510 167
1525953902 697 261
1525954202 749 286
1525954502 791 314
1525954802 737 273
1525955102 754 283
1525955402 740 276
1525955702 811 313
1525956002 814 316
1525956302 904 373
1525956602 942 403
1525956902 941 408
1525957202 821 323
1525957502 870 354
1525957802 928 395
1525958102 935 396
1525958402 960 420
1525958702 822 329
1525959002 849 341
1525959302 1015 468
1525959602 825 324
1525959902 956 416
1525960202 1036 471
1525960502 1043 480
1525960802 986 436
1525961102 1041 476
1525961402 955 406
1525961702 1048 475
1525962002 984 438
1525962302 898 363
1525962601 1030 462
1525962902 1099 524
1525963202 1097 521
1525963502 1101 533
1525963802 1054 487
1525964102 1025 478
1525964402 1075 506
1525964702 1066 501
1525965002 933 399
1525965302 883 354
1525965602 891 362
1525965902 861 334
1525966202 763 289
1525966502 981 429
1525966802 985 434
1525967102 1053 487
1525967402 1047 478
1525967702 1001 447
1525968002 1038 472
1525968302 1030 466
1525968602 1135 561
1525968902 943 394
1525969202 1046 482
1525969502 1158 585
1525969802 1144 567
1525970102 1125 554
1525970402 1129 555
1525970702 1121 545
1525971002 1139 567
1525971302 1103 528
1525971602 1158 588
1525971902 1200 628
1525972202 1183 620
1525972502 961 422
1525972802 1145 580
1525973102 1125 552
1525973402 1083 495
1525973702 1188 627
1525974002 1142 550
1525974302 1119 567
1525974602 1177 628
1525974902 1314 729
1525975202 1202 617
1525975503 1329 811
1525975802 1474 1134
1525976102 1175 603
1525976402 1294 761
1525976702 1489 1119
1525977002 1494 1147
1525977302 1503 1162
1525977601 1497 1146
1525977902 1296 762
1525978202 1233 678
1525978502 1447 1032
1525978802 1307 789
1525979102 1254 707
1525979402 1142 584
1525979702 1129 553
1525980002 1285 846
1525980302 1091 519
1525980602 1035 477
1525980902 905 366
1525981202 1109 527
1525981502 988 418
1525981802 949 393
1525982102 1080 507
1525982402 1005 440
1525982702 1175 611
1525983002 998 435
1525983302 851 334
1525983602 904 373
1525983902 889 367
1525984202 900 375
1525984502 892 369
1525984802 1132 571
1525985102 1056 492
1525985402 1011 454
1525985702 954 409
1525986002 892 371
1525986302 877 354
1525986602 935 392
1525986902 917 381
1525987202 782 296
1525987502 787 296
1525987802 870 350
1525988102 940 392
1525988402 1007 444
1525988702 937 395
1525989002 1113 545
1525989302 1052 486
1525989602 1148 595
1525989902 960 411
1525990202 750 280
1525990502 731 270
1525990802 906 386
1525991102 986 440
1525991402 947 408
1525991702 935 397
1525992002 776 298
1525992302 835 330
1525992602 796 307
1525992902 725 259
1525993202 768 293
1525993502 826 322
1525993802 633 225
1525994102 737 271
1525994402 647 223
1525994702 694 251
1525995002 601 203
1525995302 549 182
1525995602 517 169
1525995902 485 155
1525996202 449 141
1525996502 422 131
1525996802 391 119
1525997102 351 105
1525997402 288 84
1525997702 242 69
1525998002 193 54
1525998302 138 38
1525998602 94 26
1525998903 60 16
1525999202 34 9
1525999502 17 5
1525999802 8 2
1526000102 3 1
1526000402 2 0
1526000702 141 59
1526001002 137 58
1526001302 120 51
1526001602 128 55
1526001902 1 0
1526002202 1 0
1526002502 1 0
1526002802 0 0
1526003102 0 0
1526003402 0 0
1526003702 0 0
1526004002 32 12
1526004302 30 12
1526004602 30 11
1526004902 30 11
1526005202 29 11
1526005502 29 11
1526005802 29 11
1526006102 30 11
1526006402 29 11
1526006702 29 11
1526007002 29 11
1526007302 29 11
1526007602 29 11
1526007902 29 11
1526008202 29 11
1526008502 29 11
1526008802 30 11
1526009102 29 11
1526009402 29 11
1526009702 29 11
1526010002 30 11
1526010302 29 11
1526010602 29 11
1526010902 29 11
1526011201 29 11
1526011502 29 11
1526011802 29 11
1526012102 30 11
1526012402 29 11
1526012702 29 11
1526013002 29 11
1526013302 29 11
1526013602 29 11
1526013902 30 11
1526014202 30 11
1526014502 29 12
1526014802 30 11
1526015102 29 11
1526015401 30 11
1526015702 29 11
1526016002 29 11
1526016302 29 11
1526016602 30 11
1526016902 29 11
1526017201 29 11
1526017502 30 11
1526017802 29 11
1526018102 29 11
1526018402 29 11
1526018702 29 11
1526019002 29 12
1526019302 30 11
1526019602 29 12
1526019902 29 11
1526020202 28 11
1526020502 28 11
1526020802 25 10
1526021102 0 0
1526021402 0 0
1526021703 0 0
1526022002 0 0
1526022302 0 0
1526022602 0 0
1526022902 0 0
1526023202 0 0
1526023502 0 0
1526023802 0 0
1526024102 0 0
1526024402 0 0
1526024702 0 0
1526025002 0 0
1526025302 0 0
1526025602 0 0
1526025902 0 0
1526026202 0 0
1526026502 0 0
1526026802 0 0
1526027102 0 0
1526027402 0 0
1526027702 0 0
1526028002 0 0
1526028302 0 0
1526028602 0 0
1526028902 0 0
1526029202 0 0
1526029502 0 0
1526029802 0 0
1526030102 0 0
1526030402 0 0
1526030702 0 0
1526031002 1 0
1526031302 3 1
1526031602 6 2
1526031902 18 5
1526032202 35 10
1526032503 56 15
1526032802 71 20
1526033102 94 26
1526033402 122 34
1526033702 153 43
1526034002 190 54
1526034303 231 67
1526034602 284 84
1526034902 353 106
1526035202 425 132
1526035502 462 146
1526035802 502 162
1526036102 518 167
1526036402 545 178
1526036702 592 199
1526037002 621 213
1526037302 611 210
1526037601 627 215
1526037902 650 224
1526038202 604 202
1526038502 637 227
1526038802 664 243
1526039102 662 246
1526039402 759 296
1526039702 722 268
1526040002 733 286
1526040302 722 281
1526040602 708 268
1526040902 591 206
1526041202 579 199
1526041502 729 283
1526041801 736 285
1526042102 646 232
1526042402 715 272
1526042702 693 259
1526043002 703 264
1526043302 701 263
1526043602 693 261
1526043902 701 266
1526044201 715 275
1526044502 734 286
1526044802 755 299
1526045102 781 316
1526045402 807 332
1526045702 836 348
1526046002 840 352
1526046302 857 361
1526046602 827 341
1526046902 900 386
1526047202 976 435
1526047502 929 393
1526047802 953 417
1526048102 914 389
1526048402 900 378
1526048702 918 389
1526049002 942 403
1526049302 910 379
1526049602 890 366
1526049902 853 345
1526050202 886 361
1526050503 959 410
1526050802 957 405
1526051102 953 407
1526051402 992 432
1526051702 932 385
1526052002 953 403
1526052302 1008 444
1526052601 1021 453
1526052902 1049 481
1526053202 1046 475
1526053502 1015 447
1526053802 1098 525
1526054102 1039 467
1526054402 1069 490
1526054702 1101 534
1526055001 1100 523
1526055302 1135 565
1526055602 1115 538
1526055902 1143 569
1526056202 1151 570
1526056502 1142 563
1526056802 1176 602
1526057102 1174 598
1526057402 1193 623
1526057702 1191 620
1526058002 1194 622
1526058302 1205 634
1526058602 1201 633
1526058902 1188 615
1526059202 1203 634
1526059502 1224 658
1526059802 1181 612
1526060102 1205 637
1526060402 1214 643
1526060702 1211 644
1526061002 1262 700
1526061302 1254 692
1526061602 1201 613
1526061902 1363 868
1526062202 1358 858
1526062502 1170 600
1526062802 1342 834
1526063102 1305 778
1526063402 1299 772
1526063702 1200 637
1526064002 1247 695
1526064302 1244 691
1526064602 1284 749
1526064902 1321 806
1526065202 1336 828
1526065502 1327 815
1526065801 1348 849
1526066102 1342 857
1526066402 1338 926
1526066702 1385 1075
1526067002 1317 832
1526067302 1448 1039
1526067601 1442 1015
1526067902 1446 1028
1526068202 1459 1055
1526068502 1386 912
1526068802 1366 866
1526069102 1363 845
1526069402 1357 778
1526069702 1404 798
1526070002 1461 935
1526070302 1418 923
1526070602 1439 991
1526070902 1247 700
1526071202 1235 698
1526071502 1266 804
1526071802 1230 746
1526072102 1082 525
1526072402 1016 457
1526072702 1051 490
1526073002 975 423
1526073302 967 417
1526073602 952 402
1526073902 972 419
1526074202 956 408
1526074502 978 423
1526074802 983 430
1526075102 991 438
1526075402 961 414
1526075702 914 377
1526076002 900 368
1526076302 877 355
1526076602 873 352
1526076902 907 374
1526077202 878 356
1526077502 832 327
1526077802 769 288
1526078102 740 273
1526078402 717 260
1526078702 675 239
1526079002 632 217
1526079302 642 222
1526079602 625 214
1526079902 579 193
1526080202 548 180
1526080502 545 179
1526080802 519 168
1526081102 461 145
1526081402 397 122
1526081702 380 116
1526082002 363 109
1526082302 313 92
1526082602 271 78
1526082902 233 66
1526083202 194 55
1526083502 187 53
1526083802 161 45
1526084102 108 29
1526084402 77 21
1526084702 48 13
1526085002 31 9
1526085302 21 6
1526085602 14 4
1526085902 7 2
1526086202 3 1
1526086502 2 1
1526086802 1 0
1526087102 0 0
1526087402 0 0
1526087702 0 0
1526088002 1 0
1526088302 0 0
1526088602 0 0
1526088902 0 0
1526089201 170 71
1526089502 156 65
1526089802 151 62
1526090102 135 56
1526090402 142 57
1526090702 145 59
1526091002 0 0
1526091302 0 0
1526091602 29 11
1526091902 29 11
1526092202 28 11
1526092502 29 11
1526092802 29 11
1526093102 29 11
1526093402 28 11
1526093702 25 9
1526094002 27 10
1526094302 149 62
1526094602 0 0
1526094902 28 11
1526095202 0 0
1526095502 0 0
1526095801 0 0
1526096102 0 0
1526096402 0 0
1526096702 0 0
1526097002 0 0
1526097302 0 0
1526097602 0 0
1526097903 0 0
1526098202 0 0
1526098502 0 0
1526098802 0 0
1526099102 0 0
1526099402 0 0
1526099702 0 0
1526100002 0 0
1526100302 0 0
1526100602 0 0
1526100902 0 0
1526101202 0 0
1526101502 0 0
1526101802 0 0
1526102102 0 0
1526102402 0 0
1526102702 0 0
1526103002 0 0
1526103302 0 0
1526103602 0 0
1526103902 0 0
1526104201 0 0
1526104502 0 0
1526104802 0 0
1526105102 0 0
1526105402 0 0
1526105702 0 0
1526106002 0 0
1526106302 0 0
1526106602 0 0
1526106902 0 0
1526107202 0 0
1526107502 0 0
1526107802 0 0
1526108102 0 0
1526108402 0 0
1526108702 0 0
1526109002 0 0
1526109302 0 0
1526109602 0 0
1526109902 0 0
1526110202 0 0
1526110502 0 0
1526110802 0 0
1526111102 0 0
1526111402 0 0
1526111702 0 0
1526112002 0 0
1526112302 0 0
1526112602 0 0
1526112902 0 0
1526113202 0 0
1526113502 0 0
1526113802 0 0
1526114102 0 0
1526114402 0 0
1526114702 0 0
1526115002 0 0
1526115302 0 0
1526115602 0 0
1526115902 0 0
1526116202 0 0
1526116502 0 0
1526116801 0 0
1526117102 0 0
1526117402 0 0
1526117702 1 0
1526118002 3 1
1526118302 5 1
1526118602 13 4
1526118902 29 8
1526119202 39 11
1526119502 59 16
1526119802 81 23
1526120102 116 32
1526120402 159 44
1526120703 190 54
1526121001 185 52
1526121302 171 49
1526121602 210 61
1526121902 275 81
1526122202 420 132
1526122502 403 125
1526122802 344 105
1526123102 363 110
1526123401 448 142
1526123702 554 182
1526124002 584 198
1526124302 720 265
1526124602 808 309
1526124902 797 302
1526125202 786 298
1526125502 843 333
1526125802 838 330
1526126102 776 292
1526126402 760 283
1526126702 739 273
1526127002 716 260
1526127302 606 205
1526127602 608 207
1526127902 692 244
1526128202 730 267
1526128502 890 363
1526128802 802 308
1526129102 883 363
1526129402 838 328
1526129702 807 311
1526130002 810 316
1526130302 819 319
1526130602 912 388
1526130902 881 363
1526131202 965 418
1526131502 1032 474
1526131802 1030 470
1526132102 945 402
1526132402 920 382
1526132702 918 382
1526133002 898 366
1526133302 991 435
1526133602 1012 453
1526133902 1025 463
1526134202 1065 496
1526134502 1066 497
1526134802 1091 516
1526135102 1124 548
1526135402 1111 535
1526135702 1101 523
1526136001 1093 516
1526136302 1138 563
1526136602 1147 570
1526136902 1141 564
1526137202 1151 576
1526137502 1141 563
1526137802 1123 543
1526138102 1096 517
1526138402 1097 519
1526138702 1096 518
1526139002 1109 533
1526139302 1180 604
1526139602 1181 603
1526139902 1170 594
1526140201 1195 622
1526140502 1203 630
1526140802 1201 628
1526141102 1197 622
1526141402 1193 615
1526141702 1190 612
1526142002 1181 602
1526142302 1179 602
1526142602 1188 611
1526142902 1187 610
1526143202 1188 611
1526143502 1190 613
1526143802 1198 621
1526144102 1201 625
1526144402 1210 635
1526144702 1209 634
1526145002 1213 639
1526145302 1220 648
1526145602 1229 661
1526145902 1238 674
1526146202 1240 675
1526146502 1216 649
1526146802 1177 606
1526147102 1177 608
1526147402 1238 674
1526147702 1240 677
1526148002 1310 761
1526148302 1335 825
1526148602 1300 778
1526148902 1331 823
1526149202 1349 849
1526149502 1342 835
1526149802 1311 786
1526150102 1321 803
1526150402 1349 848
1526150702 1364 879
1526151002 1315 798
1526151302 1366 881
1526151602 1379 905
1526151902 1387 917
1526152202 1420 986
1526152502 1486 1155
1526152802 1388 1115
1526153102 1379 1148
1526153402 1476 1147
1526153702 1499 1150
1526154002 1496 1148
1526154302 1499 1142
1526154602 1494 1111
1526154902 1481 1083
1526155202 1478 1092
1526155502 1451 1011
1526155802 1489 937
1526156102 1244 653
1526156402 1226 657
1526156702 1358 828
1526157002 1424 969
1526157302 1481 1104
1526157602 1466 1107
1526157902 1357 1100
1526158202 1332 1083
1526158502 1354 1072
1526158802 1456 1072
1526159102 1465 1056
1526159402 1468 1046
1526159702 1463 1041
1526160002 1455 1023
1526160302 1450 854
1526160602 1436 766
1526160902 1434 790
1526161201 1426 960
1526161502 1421 993
1526161802 1406 968
1526162102 1319 959
1526162402 1103 944
1526162702 1072 887
1526163002 1039 542
1526163302 1038 510
1526163602 1015 483
1526163902 982 448
1526164202 954 425
1526164502 924 401
1526164802 876 370
1526165102 821 333
1526165401 767 298
1526165702 727 278
1526166002 783 305
1526166302 793 310
1526166602 777 295
1526166902 752 283
1526167202 678 244
1526167502 630 222
1526167802 597 212
1526168102 610 215
1526168402 585 195
1526168702 571 190
1526169002 507 162
1526169302 427 132
1526169602 371 113
1526169902 310 89
1526170202 269 77
1526170502 235 66
1526170802 176 49
1526171102 184 62
1526171402 204 79
1526171702 185 70
1526172002 166 65
1526172302 155 61
1526172602 148 61
1526172902 143 60
1526173202 142 59
1526173502 140 58
1526173802 139 58
1526174102 140 58
1526174402 141 58
1526174702 29 11
1526175002 29 11
1526175302 29 11
1526175602 29 11
1526175902 29 11
1526176202 29 11
1526176502 30 11
1526176802 29 11
1526177102 29 11
1526177402 30 11
1526177702 30 12
1526178002 30 12
1526178302 161 67
1526178602 1 0
1526178902 0 0
1526179202 30 11
1526179502 29 11
1526179802 29 11
1526180103 29 11
1526180402 29 11
1526180702 29 11
1526181002 24 9
1526181302 162 68
1526181602 29 11
1526181902 29 11
1526182201 29 11
1526182502 29 11
1526182802 29 11
1526183102 29 11
1526183402 29 11
1526183702 29 11
1526184001 29 11
1526184302 29 11
1526184602 29 11
1526184902 29 11
1526185202 28 11
1526185502 31 12
1526185802 30 12
1526186102 31 12
1526186402 30 12
1526186702 30 12
1526187002 30 12
1526187302 30 12
1526187602 31 12
1526187902 30 12
1526188201 31 12
1526188502 30 12
1526188802 30 12
1526189102 31 12
1526189402 30 12
1526189702 31 12
1526190002 30 12
1526190302 30 12
1526190602 30 12
1526190902 31 12
1526191202 30 12
1526191502 30 12
1526191802 30 12
1526192102 31 12
1526192402 31 12
1526192702 30 12
1526193002 30 12
1526193302 30 12
1526193602 31 12
1526193902 31 12
1526194202 27 10
1526194502 30 12
1526194802 30 12
1526195102 31 12
1526195402 31 12
1526195702 31 12
1526196002 30 12
1526196302 31 12
1526196601 30 12
1526196902 30 12
1526197202 31 12
1526197502 31 12
1526197802 31 12
1526198102 31 12
1526198402 30 12
1526198702 30 12
1526199002 30 12
1526199302 31 12
1526199602 31 12
1526199902 30 12
1526200202 31 12
1526200502 30 12
1526200801 31 12
1526201102 30 12
1526201402 30 12
1526201702 31 12
1526202002 31 12
1526202302 31 12
1526202602 31 12
1526202902 31 12
1526203202 31 12
1526203502 31 12
1526203802 32 12
1526204102 34 13
1526204402 38 14
1526204702 49 17
1526205001 64 21
1526205302 89 27
1526205602 112 33
1526205902 134 40
1526206202 162 48
1526206502 162 48
1526206802 172 51
1526207102 189 55
1526207402 260 77
1526207702 341 104
1526208002 391 120
1526208302 444 139
1526208602 447 139
1526208902 463 148
1526209202 535 179
1526209502 584 200
1526209802 606 209
1526210102 630 219
1526210401 649 226
1526210702 659 232
1526211002 689 248
1526211302 718 263
1526211602 743 274
1526211902 734 272
1526212202 751 279
1526212502 740 274
1526212801 765 288
1526213102 792 303
1526213402 821 321
1526213702 851 337
1526214002 858 343
1526214302 875 350
1526214602 888 358
1526214901 885 355
1526215202 857 338
1526215502 798 303
1526215802 784 301
1526216102 765 293
1526216402 745 289
1526216702 731 291
1526217002 719 284
1526217302 714 275
1526217602 734 287
1526217902 759 304
1526218202 777 316
1526218502 784 320
1526218802 789 324
1526219102 789 323
1526219401 790 324
1526219702 791 324
1526220002 786 320
1526220302 781 316
1526220602 778 314
1526220902 769 310
1526221202 762 304
1526221502 757 301
1526221802 747 294
1526222102 739 289
1526222402 729 282
1526222702 719 276
1526223002 708 269
1526223302 698 262
1526223602 688 255
1526223903 673 245
1526224202 662 238
1526224502 680 254
1526224802 659 235
1526225102 662 237
1526225402 666 238
1526225702 671 240
1526226002 678 244
1526226302 686 248
1526226602 690 250
1526226902 690 249
1526227202 692 250
1526227502 702 255
1526227802 711 260
1526228102 724 268
1526228402 736 274
1526228702 745 280
1526229002 742 279
1526229302 752 285
1526229602 762 291
1526229902 768 295
1526230201 782 304
1526230502 791 309
1526230802 801 316
1526231102 809 321
1526231402 818 328
1526231702 828 334
1526232002 835 340
1526232303 847 347
1526232602 855 353
1526232902 865 360
1526233202 885 374
1526233502 906 389
1526233802 941 412
1526234102 1015 462
1526234402 1353 677
1526234702 1477 1104
1526235002 1476 1120
1526235302 1485 1132
1526235602 1490 1136
1526235902 1492 1134
1526236202 1494 1131
1526236502 1496 1145
1526236802 1495 1148
1526237102 1493 1152
1526237402 1489 1152
1526237702 1495 1153
1526238002 1497 1157
1526238302 1500 1155
1526238602 1499 1156
1526238902 1479 1160
1526239202 1380 1155
1526239502 1381 1149
1526239802 1478 1150
1526240102 1501 1142
1526240402 1496 1150
1526240702 1498 1145
1526241002 1494 1125
1526241302 1498 1129
1526241602 1495 1129
1526241902 1492 1092
1526242202 1496 900
1526242502 1493 836
1526242802 1491 964
1526243102 1488 1070
1526243402 1482 1095
1526243702 1481 1089
1526244002 1474 1097
1526244302 1371 1090
1526244602 1340 1076
1526244902 1345 1071
1526245202 1459 1074
1526245502 1465 1071
1526245802 1461 1056
1526246102 1455 1049
1526246402 1447 1028
1526246702 1446 867
1526247002 1441 763
1526247302 1441 784
1526247602 1435 951
1526247902 1430 1006
1526248202 1408 985
1526248502 1296 963
1526248802 1077 940
1526249102 1046 824
1526249402 1026 518
1526249702 1010 490
1526250002 992 470
1526250302 960 438
1526250602 920 405
1526250902 900 391
1526251201 832 342
1526251502 742 286
1526251802 695 258
1526252102 649 233
1526252402 611 212
1526252702 593 203
1526253002 578 196
1526253302 564 189
1526253602 551 184
1526253902 537 177
1526254202 522 171
1526254502 505 164
1526254802 487 156
1526255102 465 148
1526255402 441 138
1526255702 415 129
1526256002 386 118
1526256302 354 107
1526256602 318 94
1526256902 278 81
1526257202 234 67
1526257502 188 53
1526257802 142 39
1526258102 99 27
1526258402 63 17
1526258702 35 10
1526259002 17 5
1526259302 8 2
1526259602 3 1
1526259902 1 0
1526260202 1 0
1526260502 0 0
1526260802 1 1
1526261102 78 31
1526261402 157 64
1526261702 156 64
1526262002 138 57
1526262302 133 56
1526262602 30 11
1526262902 30 11
1526263202 29 12
1526263502 29 12
1526263802 30 11
1526264102 30 11
1526264402 30 12
1526264702 30 12
1526265002 30 12
1526265302 30 12
1526265601 30 12
1526265902 30 11
1526266202 30 11
1526266502 30 12
1526266802 30 12
1526267102 30 12
1526267402 30 12
1526267702 30 12
1526268002 30 11
1526268302 30 12
1526268602 30 12
1526268902 31 12
1526269202 30 12
1526269502 30 12
1526269802 30 12
1526270102 31 11
1526270402 30 12
1526270702 30 11
1526271002 30 12
1526271302 30 12
1526271601 30 12
1526271902 30 12
1526272202 30 11
1526272502 31 12
1526272802 30 12
1526273102 30 12
1526273402 30 11
1526273702 30 12
1526274001 30 11
1526274302 30 12
1526274602 30 11
1526274902 30 12
1526275202 30 11
1526275502 30 12
1526275801 31 12
1526276102 30 12
1526276402 30 12
1526276702 30 11
1526277002 30 12
1526277302 30 12
1526277602 0 0
1526277902 0 0
1526278201 0 0
1526278502 0 0
1526278802 0 0
1526279102 0 0
1526279402 0 0
1526279702 0 0
1526280002 0 0
1526280302 0 0
1526280602 0 0
1526280902 0 0
1526281202 0 0
1526281502 0 0
1526281802 0 0
1526282102 0 0
1526282402 0 0
1526282702 0 0
1526283002 0 0
1526283302 0 0
1526283602 0 0
1526283902 0 0
1526284202 0 0
1526284502 0 0
1526284801 0 0
1526285102 0 0
1526285402 0 0
1526285702 0 0
1526286002 0 0
1526286302 0 0
1526286602 0 0
1526286902 0 0
1526287202 0 0
1526287502 0 0
1526287802 0 0
1526288102 0 0
1526288402 0 0
1526288702 0 0
1526289002 0 0
1526289302 0 0
1526289602 0 0
1526289902 1 0
1526290202 3 1
1526290502 10 3
1526290802 23 6
1526291102 45 12
1526291402 78 21
1526291702 118 32
1526292002 162 45
1526292302 207 58
1526292602 249 71
1526292902 288 84
1526293202 323 95
1526293502 354 106
1526293802 382 115
1526294102 408 125
1526294402 433 135
1526294702 452 142
1526295002 465 147
1526295302 478 152
1526295602 492 158
1526295902 501 161
1526296202 509 164
1526296502 518 168
1526296801 531 173
1526297102 542 178
1526297402 596 212
1526297702 610 217
1526298002 640 234
1526298302 670 251
1526298602 661 239
1526298902 675 247
1526299201 687 254
1526299502 698 262
1526299802 708 268
1526300102 716 274
1526300402 723 278
1526300702 726 280
1526301002 728 281
1526301302 727 280
1526301602 726 279
1526301902 727 277
1526302202 730 279
1526302502 734 280
1526302802 743 286
1526303102 746 290
1526303401 707 267
1526303702 760 298
1526304002 824 336
1526304302 863 362
1526304602 849 353
1526304902 820 333
1526305202 839 351
1526305502 868 361
1526305802 855 356
1526306102 860 359
1526306402 888 373
1526306702 950 412
1526307002 1050 495
1526307302 1025 468
1526307602 1010 454
1526307902 1017 460
1526308202 973 425
1526308502 981 431
1526308802 998 444
1526309102 962 417
1526309402 1002 443
1526309702 1049 483
1526310002 1105 536
1526310302 1091 521
1526310602 1090 518
1526310902 1060 496
1526311202 969 420
1526311502 1017 457
1526311801 1093 521
1526312102 1122 549
1526312402 1123 549
1526312702 1138 564
1526313002 1143 571
1526313302 1150 579
1526313602 1145 574
1526313902 1151 580
1526314201 1152 581
1526314502 1158 587
1526314802 1168 597
1526315102 1169 596
1526315402 1180 610
1526315702 1171 598
1526316001 1166 592
1526316302 1180 607
1526316602 1199 629
1526316902 1204 635
1526317202 1203 634
1526317502 1199 631
1526317802 1193 625
1526318102 1192 623
1526318402 1190 621
1526318702 1208 644
1526319002 1221 658
1526319302 1253 700
1526319602 1256 700
1526319902 1275 722
1526320202 1222 662
1526320502 1194 631
1526320802 1234 679
1526321102 1267 715
1526321402 1375 889
1526321702 1279 735
1526322002 1455 1056
1526322302 1468 1077
1526322602 1460 1062
1526322902 1201 644
1526323202 1140 578
1526323502 1169 609
1526323802 1384 912
1526324102 1438 1019
1526324402 1327 817
1526324702 1369 889
1526325002 1416 973
1526325302 1398 976
1526325602 1401 1097
1526325902 1308 798
1526326202 1454 1089
1526326502 1449 1047
1526326802 1490 1121
1526327102 1479 1075
1526327402 1460 1048
1526327702 1473 1088
1526328002 1472 1087
1526328302 1476 1039
1526328602 1474 866
1526328902 1467 854
1526329202 1476 996
1526329502 1474 1072
1526329802 1442 1008
1526330102 1460 1041
1526330402 1454 1051
1526330702 1364 1050
1526331002 1344 1051
1526331302 1340 1041
1526331602 1434 1048
1526331902 1444 1041
1526332202 1441 1015
1526332502 1438 1002
1526332802 1440 981
1526333102 1440 857
1526333402 1436 761
1526333702 1428 776
1526334002 1414 921
1526334302 1411 949
1526334602 1386 938
1526334902 1222 888
1526335202 1085 792
1526335502 1089 662
1526335802 1098 559
1526336102 1091 541
1526336402 1066 515
1526336702 1036 486
1526337002 1007 459
1526337302 987 441
1526337602 955 414
1526337902 904 377
1526338202 858 345
1526338502 836 329
1526338802 793 304
1526339103 745 277
1526339402 698 252
1526339702 701 252
1526340002 721 263
1526340302 727 266
1526340602 705 254
1526340902 665 236
1526341201 614 212
1526341502 588 198
1526341802 529 174
1526342102 484 155
1526342402 435 136
1526342702 378 116
1526343002 320 96
1526343302 249 72
1526343602 192 54
1526343902 145 41
1526344202 117 33
1526344502 60 16
1526344802 33 9
1526345102 163 65
1526345402 152 62
1526345702 136 55
1526346002 135 55
1526346302 135 56
1526346602 2 1
1526346902 2 1
1526347201 27 10
1526347502 27 10
1526347802 27 10
1526348102 27 10
1526348402 27 10
1526348702 27 11
1526349002 27 11
1526349302 27 10
1526349602 27 10
1526349902 27 10
1526350202 27 10
1526350502 26 10
1526350802 27 10
1526351102 26 10
1526351402 27 10
1526351702 26 10
1526352002 27 10
1526352302 26 10
1526352602 26 10
1526352902 27 10
1526353202 27 10
1526353502 27 11
1526353802 28 11
1526354102 28 11
1526354402 28 11
1526354702 28 11
1526355002 28 11
1526355302 27 11
1526355601 28 10
1526355902 27 10
1526356202 26 10
1526356502 26 10
1526356802 26 10
1526357102 27 10
1526357402 27 10
1526357702 26 10
1526358002 27 10
1526358302 26 10
1526358602 25 10
1526358902 25 10
1526359202 23 9
1526359502 26 10
1526359802 26 10
1526360102 26 10
1526360402 27 10
1526360702 23 9
1526361002 0 0
1526361302 0 0
1526361601 0 0
1526361902 0 0
1526362202 0 0
1526362502 0 0
1526362802 0 0
1526363102 0 0
1526363402 0 0
1526363702 0 0
1526364001 0 0
1526364302 0 0
1526364602 0 0
1526364902 0 0
1526365202 0 0
1526365502 0 0
1526365802 0 0
1526366102 0 0
1526366402 0 0
1526366702 0 0
1526367002 0 0
1526367302 0 0
1526367602 0 0
1526367902 0 0
1526368202 0 0
1526368502 0 0
1526368802 0 0
1526369102 0 0
1526369402 0 0
1526369702 0 0
1526370002 0 0
1526370302 0 0
1526370602 0 0
1526370902 0 0
1526371202 0 0
1526371502 0 0
1526371802 0 0
1526372102 0 0
1526372402 0 0
1526372702 0 0
1526373002 0 0
1526373302 0 0
1526373602 0 0
1526373902 0 0
1526374202 0 0
1526374502 0 0
1526374802 0 0
1526375102 0 0
1526375402 0 0
1526375702 0 0
1526376002 0 0
1526376303 0 0
1526376602 1 0
1526376902 4 1
1526377202 6 2
1526377502 9 3
1526377802 17 5
1526378102 33 10
1526378402 41 12
1526378702 96 26
1526379002 65 18
1526379302 54 15
1526379602 54 15
1526379903 109 30
1526380202 133 37
1526380502 134 38
1526380802 150 42
1526381102 184 53
1526381402 175 49
1526381702 140 39
1526382002 160 45
1526382302 142 41
1526382602 181 51
1526382902 356 109
1526383202 434 136
1526383502 476 157
1526383802 433 138
1526384102 514 174
1526384402 561 200
1526384702 506 175
1526385002 289 85
1526385302 430 135
1526385602 607 221
1526385903 323 98
1526386202 341 105
1526386502 386 131
1526386802 294 88
1526387102 346 106
1526387402 405 127
1526387702 449 143
1526388002 664 236
1526388302 599 208
1526388602 534 177
1526388902 534 177
1526389202 615 216
1526389502 694 253
1526389802 745 280
1526390102 735 273
1526390402 695 250
1526390702 883 363
1526391002 800 311
1526391302 1005 448
1526391602 889 362
1526391902 640 227
1526392202 656 234
1526392502 695 250
1526392802 773 293
1526393102 956 420
1526393402 965 422
1526393702 1053 494
1526394002 1117 553
1526394302 1073 505
1526394602 1077 509
1526394902 1073 514
1526395202 1038 476
1526395502 1064 497
1526395802 1012 449
1526396102 1019 457
1526396401 889 368
1526396702 1021 457
1526397002 1109 543
1526397302 941 399
1526397602 877 357
1526397902 820 322
1526398202 756 286
1526398503 716 263
1526398802 812 321
1526399102 834 331
1526399402 807 312
1526399702 712 260
1526400002 819 321
1526400302 870 355
1526400602 1029 472
1526400903 1017 465
1526401202 980 430
1526401502 945 402
1526401802 981 427
1526402102 892 364
1526402402 1004 447
1526402703 1157 581
1526403002 1124 560
1526403302 1098 530
1526403602 1153 588
1526403902 1255 699
1526404202 1260 706
1526404502 1151 581
1526404802 1084 519
1526405102 1123 558
1526405402 1099 530
1526405702 950 404
1526406002 944 404
1526406302 1046 485
1526406602 1087 523
1526406902 1110 546
1526407202 1105 541
1526407502 1142 579
1526407802 1179 617
1526408102 1071 504
1526408402 1144 576
1526408702 1138 572
1526409001 1136 571
1526409302 1163 598
1526409602 1299 773
1526409902 1288 750
1526410202 1450 1041
1526410502 1496 1145
1526410802 1495 1141
1526411102 1229 674
1526411402 1492 1135
1526411702 1478 1145
1526412002 1216 656
1526412302 1145 576
1526412602 1468 1135
1526412902 1494 1137
1526413201 1492 1132
1526413502 1493 1111
1526413802 1494 1117
1526414102 1491 1123
1526414402 1492 1123
1526414702 1184 617
1526415002 1453 881
1526415302 1484 922
1526415603 1122 545
1526415902 930 379
1526416202 931 396
1526416502 851 335
1526416802 920 378
1526417102 912 378
1526417402 950 411
1526417702 933 392
1526418002 978 439
1526418302 1052 491
1526418602 1245 684
1526418902 1453 1022
1526419202 943 393
1526419502 883 362
1526419802 833 325
1526420102 1071 478
1526420402 1422 953
1526420702 1304 789
1526421002 1349 908
1526421302 1190 916
1526421602 1132 876
1526421902 1117 652
1526422202 1085 545
1526422502 1068 523
1526422802 1057 503
1526423102 1015 469
1526423401 1004 456
1526423702 896 374
1526424002 948 410
1526424302 897 372
1526424602 875 356
1526424902 818 315
1526425202 837 326
1526425502 865 346
1526425802 861 344
1526426102 840 329
1526426402 794 299
1526426702 776 290
1526427002 772 288
1526427302 783 297
1526427602 763 284
1526427902 728 267
1526428202 696 249
1526428502 686 247
1526428802 644 226
1526429102 544 182
1526429402 460 147
1526429702 398 123
1526430002 334 100
1526430302 274 80
1526430602 208 60
1526430902 153 43
1526431202 88 24
1526431502 188 72
1526431802 149 59
1526432102 144 58
1526432402 31 12
1526432702 29 11
1526433002 28 11
1526433302 28 10
1526433602 27 10
1526433902 27 10
1526434202 28 11
1526434502 28 11
1526434802 29 11
1526435102 28 11
1526435402 28 11
1526435702 28 11
1526436002 28 11
1526436302 28 11
1526436602 28 11
1526436902 28 10
1526437202 28 11
1526437502 28 11
1526437802 28 11
1526438102 28 11
1526438402 28 11
1526438702 28 10
1526439002 28 10
1526439302 28 11
1526439602 28 11
1526439902 28 11
1526440202 28 11
1526440502 28 11
1526440802 28 11
1526441102 28 10
1526441402 27 11
1526441702 28 11
1526442002 28 11
1526442302 28 10
1526442602 27 10
1526442902 28 11
1526443202 28 10
1526443502 28 11
1526443802 28 11
1526444102 28 11
1526444402 27 11
1526444702 28 11
1526445002 28 11
1526445302 28 11
1526445602 28 11
1526445902 27 11
1526446202 28 11
1526446503 26 10
1526446802 0 0
1526447102 0 0
1526447402 0 0
1526447702 0 0
1526448002 0 0
1526448302 0 0
1526448602 0 0
1526448902 0 0
1526449202 0 0
1526449502 0 0
1526449802 0 0
1526450102 0 0
1526450402 0 0
1526450703 0 0
1526451002 0 0
1526451302 0 0
1526451602 0 0
1526451902 0 0
1526452202 0 0
1526452502 0 0
1526452802 0 0
1526453102 0 0
1526453402 0 0
1526453702 0 0
1526454002 0 0
1526454302 0 0
1526454602 0 0
1526454902 0 0
1526455202 0 0
1526455502 0 0
1526455802 0 0
1526456102 0 0
1526456402 0 0
1526456702 0 0
1526457002 0 0
1526457302 0 0
1526457602 0 0
1526457902 0 0
1526458202 0 0
1526458502 0 0
1526458802 0 0
1526459102 0 0
1526459402 0 0
1526459702 0 0
1526460002 0 0
1526460302 0 0
1526460602 0 0
1526460902 0 0
1526461202 0 0
1526461502 0 0
1526461802 0 0
1526462102 0 0
1526462402 1 0
1526462702 2 1
1526463002 6 2
1526463302 15 4
1526463602 33 9
1526463902 61 16
1526464202 96 26
1526464502 140 39
1526464802 190 53
1526465102 240 69
1526465402 292 86
1526465702 337 100
1526466002 388 119
1526466303 427 133
1526466602 451 142
1526466902 459 145
1526467202 474 152
1526467502 473 151
1526467802 496 160
1526468102 514 167
1526468402 526 172
1526468702 542 179
1526469002 548 181
1526469302 565 189
1526469602 576 194
1526469902 651 230
1526470202 732 270
1526470502 782 295
1526470802 757 285
1526471102 756 294
1526471402 755 288
1526471702 808 318
1526472002 854 346
1526472302 906 383
1526472602 909 383
1526472902 873 353
1526473202 813 316
1526473502 816 322
1526473802 720 273
1526474102 761 297
1526474401 758 294
1526474702 806 320
1526475002 787 308
1526475302 849 341
1526475602 864 354
1526475902 779 299
1526476202 802 314
1526476502 834 333
1526476802 843 342
1526477102 868 362
1526477402 877 369
1526477702 877 372
1526478002 874 370
1526478302 859 361
1526478601 869 367
1526478902 874 371
1526479202 866 366
1526479502 868 366
1526479802 858 359
1526480102 845 351
1526480402 838 346
1526480702 844 348
1526481002 867 359
1526481302 863 357
1526481602 848 345
1526481902 865 353
1526482202 880 362
1526482502 899 374
1526482801 895 370
1526483102 906 376
1526483402 864 348
1526483702 854 340
1526484002 838 332
1526484302 803 310
1526484602 794 306
1526484902 794 305
1526485202 810 314
1526485502 822 320
1526485802 830 325
1526486102 843 333
1526486402 838 330
1526486702 845 333
1526487002 866 348
1526487302 865 348
1526487602 859 345
1526487902 888 364
1526488202 876 356
1526488502 884 361
1526488802 894 369
1526489103 944 402
1526489402 933 397
1526489702 961 415
1526490002 929 395
1526490302 937 401
1526490602 948 409
1526490902 957 416
1526491202 983 435
1526491502 1043 483
1526491802 1068 503
1526492102 1104 535
1526492402 1118 547
1526492702 1117 548
1526493002 1116 544
1526493302 1140 569
1526493602 1193 610
1526493902 1432 828
1526494202 1459 1047
1526494502 1466 1083
1526494802 1461 1076
1526495102 1444 1036
1526495402 1464 1071
1526495702 1473 1089
1526496002 1482 1110
1526496302 1477 1097
1526496602 1468 1082
1526496902 1482 1109
1526497202 1481 1111
1526497503 1474 1094
1526497802 1469 1084
1526498102 1472 1133
1526498402 1392 1128
1526498702 1378 1124
1526499002 1457 1120
1526499302 1492 1137
1526499602 1487 1122
1526499902 1489 1103
1526500202 1475 1072
1526500502 1483 1110
1526500802 1476 1088
1526501102 1475 1052
1526501402 1483 900
1526501702 1483 900
1526502002 1473 1032
1526502302 1478 1080
1526502602 1481 1098
1526502902 1476 1083
1526503202 1466 1061
1526503502 1396 1072
1526503801 1332 1057
1526504102 1336 1044
1526504402 1423 1050
1526504702 1453 1060
1526505002 1447 1036
1526505302 1445 1028
1526505602 1439 999
1526505902 1437 872
1526506202 1437 768
1526506502 1433 783
1526506802 1428 946
1526507102 1419 982
1526507402 1332 918
1526507702 1155 948
1526508001 1112 887
1526508302 1083 586
1526508602 1065 530
1526508902 1044 505
1526509202 1046 500
1526509502 1022 479
1526509802 987 446
1526510103 976 436
1526510402 916 387
1526510702 868 358
1526511002 840 338
1526511302 831 328
1526511602 814 317
1526511902 767 289
1526512202 738 275
1526512502 689 248
1526512802 681 244
1526513102 667 238
1526513402 651 229
1526513702 640 223
1526514002 624 216
1526514302 551 186
1526514602 531 176
1526514902 499 162
1526515202 464 147
1526515502 446 140
1526515802 417 130
1526516102 377 116
1526516402 309 91
1526516702 251 72
1526517002 187 53
1526517302 129 36
1526517602 88 24
1526517902 62 17
1526518202 36 10
1526518502 136 55
1526518801 33 12
1526519102 29 11
1526519402 27 10
1526519702 26 10
1526520002 25 10
1526520302 25 9
1526520602 25 9
1526520902 25 9
1526521202 24 9
1526521502 25 9
1526521802 25 9
1526522102 25 9
1526522402 24 9
1526522702 24 9
1526523001 25 10
1526523302 24 9
1526523602 24 9
1526523902 25 9
1526524202 25 9
1526524502 24 9
1526524802 25 10
1526525103 24 9
1526525402 24 10
1526525702 24 9
1526526002 25 10
1526526302 25 9
1526526602 24 9
1526526902 25 9
1526527202 24 10
1526527502 25 9
1526527802 24 10
1526528102 25 9
1526528402 24 9
1526528702 24 9
1526529002 24 9
1526529302 24 10
1526529602 25 9
1526529902 25 9
1526530202 24 10
1526530502 24 10
1526530802 24 10
1526531102 24 9
1526531402 24 9
1526531702 22 9
1526532002 26 10
1526532302 0 0
1526532602 0 0
1526532902 0 0
1526533202 0 0
1526533502 0 0
1526533802 0 0
1526534102 0 0
1526534402 0 0
1526534702 0 0
1526535002 0 0
1526535302 0 0
1526535602 0 0
1526535902 0 0
1526536202 0 0
1526536502 0 0
1526536802 0 0
1526537102 0 0
1526537402 0 0
1526537702 0 0
1526538002 0 0
1526538302 0 0
1526538602 0 0
1526538902 0 0
1526539202 0 0
1526539502 0 0
1526539801 0 0
1526540102 0 0
1526540402 0 0
1526540702 0 0
1526541002 0 0
1526541302 0 0
1526541602 0 0
1526541902 0 0
1526542202 0 0
1526542502 0 0
1526542802 0 0
1526543102 0 0
1526543402 0 0
1526543702 0 0
1526544001 0 0
1526544302 0 0
1526544602 0 0
1526544902 0 0
1526545202 0 0
1526545502 0 0
1526545802 0 0
1526546102 0 0
1526546402 0 0
1526546702 0 0
1526547002 0 0
1526547302 0 0
1526547602 0 0
1526547902 0 0
1526548202 0 0
1526548502 0 0
1526548802 1 0
1526549102 2 1
1526549402 7 2
1526549702 16 5
1526550002 34 10
1526550302 60 16
1526550602 92 25
1526550902 129 36
1526551202 171 48
1526551502 214 61
1526551802 258 75
1526552102 300 88
1526552401 336 101
1526552702 368 112
1526553002 396 122
1526553303 421 131
1526553602 444 140
1526553902 465 148
1526554202 483 155
1526554502 497 161
1526554802 509 166
1526555102 524 172
1526555402 532 175
1526555703 541 179
1526556002 555 185
1526556302 569 190
1526556602 587 197
1526556902 605 205
1526557202 630 218
1526557502 657 233
1526557802 681 248
1526558102 699 258
1526558402 698 258
1526558702 708 265
1526559002 718 271
1526559302 726 276
1526559601 733 281
1526559902 739 286
1526560202 741 287
1526560502 742 287
1526560802 741 286
1526561102 739 283
1526561402 742 284
1526561702 745 284
1526562001 747 285
1526562302 745 285
1526562602 741 283
1526562902 754 291
1526563202 773 304
1526563502 799 322
1526563802 821 337
1526564102 829 343
1526564402 834 345
1526564702 839 349
1526565002 843 351
1526565302 846 353
1526565602 847 353
1526565902 847 352
1526566202 847 350
1526566502 849 350
1526566802 849 350
1526567102 850 350
1526567402 849 348
1526567702 847 346
1526568002 843 343
1526568302 839 340
1526568601 836 337
1526568902 833 334
1526569202 832 332
1526569502 832 331
1526569802 830 328
1526570102 830 327
1526570402 835 330
1526570702 839 333
1526571002 843 335
1526571302 846 337
1526571602 849 339
1526571902 850 339
1526572202 861 347
1526572502 867 350
1526572802 873 354
1526573102 877 356
1526573402 879 358
1526573702 882 360
1526574002 895 370
1526574302 902 374
1526574602 909 380
1526574902 920 388
1526575202 939 401
1526575502 946 407
1526575802 953 412
1526576102 980 432
1526576402 993 442
1526576702 1004 452
1526577002 1012 459
1526577302 1027 471
1526577602 1033 477
1526577902 1033 478
1526578202 1032 477
1526578502 1042 486
1526578802 1048 491
1526579102 1062 504
1526579402 1069 511
1526579702 1091 529
1526580002 1121 553
1526580302 1349 631
1526580602 1471 852
1526580902 1472 975
1526581201 1479 1094
1526581502 1481 1119
1526581802 1482 1119
1526582102 1488 1119
1526582402 1486 1128
1526582702 1490 1129
1526583002 1489 1131
1526583302 1489 1134
1526583601 1491 1134
1526583902 1491 1130
1526584202 1492 1140
1526584502 1472 1145
1526584802 1389 1138
1526585102 1363 1142
1526585401 1450 1130
1526585702 1490 1117
1526586002 1492 1136
1526586302 1492 1132
1526586602 1491 1126
1526586902 1491 1124
1526587202 1491 1111
1526587502 1484 1061
1526587801 1482 880
1526588102 1473 970
1526588402 1478 1069
1526588702 1478 1100
1526589002 1477 1105
1526589302 1474 1098
1526589601 1467 1099
1526589902 1393 1082
1526590202 1333 1068
1526590502 1329 1064
1526590802 1432 1054
1526591102 1454 1044
1526591402 1450 1035
1526591702 1448 1013
1526592002 1445 994
1526592302 1438 866
1526592602 1433 768
1526592902 1433 774
1526593202 1426 957
1526593502 1412 968
1526593802 1312 960
1526594102 1128 948
1526594402 1098 838
1526594702 1094 572
1526595002 1057 518
1526595302 1049 504
1526595602 1033 488
1526595902 999 454
1526596202 1015 466
1526596502 962 421
1526596802 870 354
1526597102 867 353
1526597402 840 335
1526597702 837 329
1526598002 819 317
1526598302 791 300
1526598602 786 299
1526598902 793 304
1526599202 774 293
1526599502 756 284
1526599802 725 264
1526600102 708 255
1526600401 672 240
1526600702 636 225
1526601002 591 199
1526601302 526 174
1526601602 479 153
1526601902 427 134
1526602202 398 125
1526602502 345 104
1526602802 298 88
1526603102 238 69
1526603402 174 49
1526603702 117 33
1526604002 80 22
1526604302 61 16
1526604602 33 9
1526604902 13 4
1526605202 5 2
1526605502 3 1
1526605802 1 0
1526606102 131 53
1526606402 148 60
1526606702 141 56
1526607002 135 55
1526607302 26 10
1526607602 26 10
1526607902 25 10
1526608202 26 10
1526608502 27 10
1526608802 27 10
1526609102 26 10
1526609402 26 10
1526609702 26 10
1526610002 27 10
1526610302 26 10
1526610602 27 10
1526610902 26 10
1526611202 27 10
1526611502 27 10
1526611802 27 10
1526612102 26 10
1526612402 26 10
1526612702 26 10
1526613002 27 10
1526613302 26 10
1526613602 26 10
1526613902 27 10
1526614202 26 10
1526614502 27 10
1526614802 27 10
1526615102 26 10
1526615402 26 10
1526615702 25 10
1526616002 26 10
1526616302 26 10
1526616602 26 10
1526616902 26 10
1526617202 26 10
1526617502 26 10
1526617802 26 10
1526618102 26 10
1526618402 26 10
1526618702 26 10
1526619002 26 10
1526619302 26 10
1526619601 26 10
1526619902 26 10
1526620202 24 9
1526620502 24 10
1526620802 0 0
1526621102 0 0
1526621401 0 0
1526621702 0 0
1526622002 0 0
1526622302 0 0
1526622602 0 0
1526622902 0 0
1526623202 0 0
1526623502 0 0
1526623801 0 0
1526624102 0 0
1526624402 0 0
1526624702 0 0
1526625002 0 0
1526625302 0 0
1526625602 0 0
1526625902 0 0
1526626202 0 0
1526626502 0 0
1526626802 0 0
1526627102 0 0
1526627402 0 0
1526627702 0 0
1526628002 0 0
1526628302 0 0
1526628602 0 0
1526628902 0 0
1526629202 0 0
1526629502 0 0
1526629802 0 0
1526630103 0 0
1526630402 0 0
1526630702 0 0
1526631002 0 0
1526631302 0 0
1526631602 0 0
1526631902 0 0
1526632202 0 0
1526632502 0 0
1526632802 0 0
1526633102 0 0
1526633402 0 0
1526633702 0 0
1526634002 0 0
1526634302 0 0
1526634602 0 0
1526634902 0 0
1526635202 1 0
1526635502 3 1
1526635802 8 2
1526636102 21 6
1526636401 49 13
1526636702 75 20
1526637002 97 27
1526637302 136 38
1526637602 192 54
1526637902 237 68
1526638202 275 80
1526638502 310 91
1526638802 344 103
1526639102 378 116
1526639402 415 129
1526639702 451 145
1526640002 489 158
1526640302 518 171
1526640602 538 176
1526640902 549 181
1526641202 556 187
1526641502 580 198
1526641802 589 199
1526642102 579 195
1526642402 583 195
1526642702 601 204
1526643001 634 220
1526643302 662 230
1526643602 668 236
1526643902 673 240
1526644202 712 271
1526644502 705 269
1526644802 719 276
1526645102 742 289
1526645401 739 287
1526645702 750 295
1526646002 735 283
1526646302 741 287
1526646602 742 288
1526646902 741 287
1526647201 736 284
1526647502 737 281
1526647802 748 288
1526648102 751 286
1526648402 743 282
1526648702 750 286
1526649002 746 285
1526649302 759 292
1526649602 789 310
1526649902 780 306
1526650202 826 339
1526650502 837 347
1526650802 852 356
1526651103 843 351
1526651402 807 327
1526651702 840 349
1526652002 840 348
1526652302 845 350
1526652602 841 346
1526652902 839 345
1526653202 837 343
1526653502 832 339
1526653802 819 330
1526654102 805 320
1526654402 812 324
1526654702 801 316
1526655002 791 311
1526655302 787 306
1526655602 811 320
1526655902 800 311
1526656202 783 299
1526656502 785 299
1526656802 782 297
1526657102 790 301
1526657402 802 309
1526657702 806 310
1526658002 805 309
1526658302 801 308
1526658602 797 306
1526658902 793 304
1526659202 793 303
1526659502 797 306
1526659802 795 305
1526660103 821 316
1526660402 854 334
1526660702 879 354
1526661002 845 335
1526661302 833 330
1526661602 841 336
1526661902 826 329
1526662202 826 329
1526662502 836 336
1526662802 846 343
1526663102 854 348
1526663402 865 356
1526663702 885 369
1526664002 910 386
1526664302 933 400
1526664602 950 414
1526664902 951 414
1526665202 973 430
1526665502 991 443
1526665802 1032 477
1526666102 1079 516
1526666401 1158 587
1526666702 1243 659
1526667002 1453 1032
1526667302 1465 1083
1526667602 1466 1092
1526667902 1481 1118
1526668202 1491 1132
1526668502 1475 1092
1526668802 1470 1093
1526669102 1462 1066
1526669402 1480 1117
